#
# A fatal error has been detected by the Java Runtime Environment:
#
#  Internal Error (classFileParser.cpp:3494), pid=6680, tid=6088
#  Error: ShouldNotReachHere()
#
# JRE version: 6.0_31-b05
# Java VM: Java HotSpot(TM) Client VM (20.6-b01 mixed mode windows-x86 )
# If you would like to submit a bug report, please visit:
#   http://java.sun.com/webapps/bugreport/crash.jsp
#

---------------  T H R E A D  ---------------

Current thread (0x022aa000):  JavaThread "Unknown thread" [_thread_in_vm, id=6088, stack(0x022b0000,0x02300000)]

Stack: [0x022b0000,0x02300000],  sp=0x022ff86c,  free space=318k
Native frames: (J=compiled Java code, j=interpreted, Vv=VM code, C=native code)
V  [jvm.dll+0x1335ca]
V  [jvm.dll+0x12e57b]
V  [jvm.dll+0x1639e]
V  [jvm.dll+0x17bdf]
V  [jvm.dll+0x26cc5]
V  [jvm.dll+0x27506]
V  [jvm.dll+0x278b5]
V  [jvm.dll+0x27949]
V  [jvm.dll+0x27a0c]
V  [jvm.dll+0x27a8a]
V  [jvm.dll+0x27b6d]
V  [jvm.dll+0x27e39]
V  [jvm.dll+0x6c383]
V  [jvm.dll+0x6c75c]
V  [jvm.dll+0xf9b4c]
V  [jvm.dll+0x11848b]
V  [jvm.dll+0x9eb60]
C  [javaw.exe+0x1657]
C  [javaw.exe+0x1e2c]
C  [javaw.exe+0x8614]
C  [kernel32.dll+0x13677]  BaseThreadInitThunk+0x12
C  [ntdll.dll+0x39f42]  RtlInitializeExceptionChain+0x63
C  [ntdll.dll+0x39f15]  RtlInitializeExceptionChain+0x36


---------------  P R O C E S S  ---------------

Java Threads: ( => current thread )

Other Threads:

=>0x022aa000 (exited) JavaThread "Unknown thread" [_thread_in_vm, id=6088, stack(0x022b0000,0x02300000)]

VM state:not at safepoint (not fully initialized)

VM Mutex/Monitor currently owned by a thread: None

Dynamic libraries:
0x00400000 - 0x00425000 	C:\Program Files (x86)\Java\jre6\bin\javaw.exe
0x77140000 - 0x772c0000 	C:\Windows\SysWOW64\ntdll.dll
0x76300000 - 0x76400000 	C:\Windows\syswow64\kernel32.dll
0x74c40000 - 0x74c86000 	C:\Windows\syswow64\KERNELBASE.dll
0x76400000 - 0x764a0000 	C:\Windows\syswow64\ADVAPI32.dll
0x75060000 - 0x7510c000 	C:\Windows\syswow64\msvcrt.dll
0x76120000 - 0x76139000 	C:\Windows\SysWOW64\sechost.dll
0x74b20000 - 0x74c10000 	C:\Windows\syswow64\RPCRT4.dll
0x74830000 - 0x74890000 	C:\Windows\syswow64\SspiCli.dll
0x74820000 - 0x7482c000 	C:\Windows\syswow64\CRYPTBASE.dll
0x74d70000 - 0x74e70000 	C:\Windows\syswow64\USER32.dll
0x767f0000 - 0x76880000 	C:\Windows\syswow64\GDI32.dll
0x76140000 - 0x7614a000 	C:\Windows\syswow64\LPK.dll
0x75240000 - 0x752dd000 	C:\Windows\syswow64\USP10.dll
0x74a80000 - 0x74ae0000 	C:\Windows\system32\IMM32.DLL
0x752f0000 - 0x753bc000 	C:\Windows\syswow64\MSCTF.dll
0x7c340000 - 0x7c396000 	C:\Program Files (x86)\Java\jre6\bin\msvcr71.dll
0x6d7f0000 - 0x6da9f000 	C:\Program Files (x86)\Java\jre6\bin\client\jvm.dll
0x73dd0000 - 0x73e02000 	C:\Windows\system32\WINMM.dll
0x71f80000 - 0x71fcb000 	C:\Windows\system32\apphelp.dll
0x6d7a0000 - 0x6d7ac000 	C:\Program Files (x86)\Java\jre6\bin\verify.dll
0x6d320000 - 0x6d33f000 	C:\Program Files (x86)\Java\jre6\bin\java.dll
0x6d7e0000 - 0x6d7ef000 	C:\Program Files (x86)\Java\jre6\bin\zip.dll
0x75230000 - 0x75235000 	C:\Windows\system32\PSAPI.DLL

VM Arguments:
jvm_args: -Dfile.encoding=ISO-8859-1 -Xbootclasspath:C:\Android\android-sdk-windows\platforms\android-8\android.jar 
java_command: br.com.redumobile.util.Util
Launcher Type: SUN_STANDARD

Environment Variables:
JAVA_HOME=C:\Program Files (x86)\Java\jdk1.6.0_17
CLASSPATH=.;C:\Program Files (x86)\Java\jre6\lib\ext\QTJava.zip
PATH=C:/Program Files (x86)/Java/jre7/bin/client;C:/Program Files (x86)/Java/jre7/bin;C:/Program Files (x86)/Java/jre7/lib/i386;C:\Program Files\Common Files\Microsoft Shared\Windows Live;C:\Program Files (x86)\Common Files\Microsoft Shared\Windows Live;C:\oraclexe\app\oracle\product\10.2.0\server\bin;C:\Windows\system32;C:\Windows;C:\Windows\System32\Wbem;C:\Windows\System32\WindowsPowerShell\v1.0\;C:\Program Files\Dell\Dell Wireless WLAN Card;c:\Program Files\WIDCOMM\Bluetooth Software\;c:\Program Files\WIDCOMM\Bluetooth Software\syswow64;C:\Program Files (x86)\Common Files\Roxio Shared\DLLShared\;C:\Program Files (x86)\Common Files\DivX Shared\;C:\Program Files\TortoiseSVN\bin;C:\Program Files\SlikSvn\bin\;c:\Program Files (x86)\Microsoft SQL Server\90\Tools\binn\;C:\Program Files (x86)\QuickTime\QTSystem\;C:\Program Files (x86)\Lua\5.1;C:\Program Files (x86)\Lua\5.1\clibs;C:\Program Files (x86)\Windows Live\Shared;C:\Sun\SDK\bin;C:\Android\eclipse-android;
USERNAME=Paulo Otávio
OS=Windows_NT
PROCESSOR_IDENTIFIER=Intel64 Family 6 Model 23 Stepping 10, GenuineIntel



---------------  S Y S T E M  ---------------

OS: Windows 7 , 64 bit Build 7600 

CPU:total 2 (2 cores per cpu, 1 threads per core) family 6 model 23 stepping 10, cmov, cx8, fxsr, mmx, sse, sse2, sse3, ssse3

Memory: 4k page, physical 4153716k(1781192k free), swap 8305532k(4284292k free)

vm_info: Java HotSpot(TM) Client VM (20.6-b01) for windows-x86 JRE (1.6.0_31-b05), built on Feb  3 2012 18:44:09 by "java_re" with MS VC++ 7.1 (VS2003)

time: Sun Jul 01 21:23:18 2012
elapsed time: 0 seconds

